<?xml version="1.0" encoding="UTF-8"?>
<!-- Generated by org.testng.reporters.JUnitReportReporter -->
<testsuite name="com.reports.test.ExtentReports" tests="3" time="0.010" ignored="0" failures="0" timestamp="22 May 2018 09:34:22 GMT" skipped="1" hostname="NEWNODE64" errors="0">
  <testcase name="sampleThree" time="0.001" classname="com.reports.test.ExtentReports">
    <skipped/>
  </testcase> <!-- sampleThree -->
  <testcase name="sampleOne" time="0.008" classname="com.reports.test.ExtentReports"/>
  <testcase name="sampleTwo" time="0.001" classname="com.reports.test.ExtentReports"/>
</testsuite> <!-- com.reports.test.ExtentReports -->
