<?xml version="1.0" encoding="UTF-8"?>
<!-- Generated by org.testng.reporters.JUnitReportReporter -->
<testsuite name="extentreportsUsingUtility.ExtentReports" tests="3" time="0.018" ignored="0" failures="0" timestamp="04 Jul 2018 08:32:31 GMT" skipped="1" hostname="NEWNODE64" errors="0">
  <testcase name="sampleTwo" time="0.001" classname="extentreportsUsingUtility.ExtentReports"/>
  <testcase name="sampleThree" time="0.001" classname="extentreportsUsingUtility.ExtentReports">
    <skipped/>
  </testcase> <!-- sampleThree -->
  <testcase name="sampleOne" time="0.016" classname="extentreportsUsingUtility.ExtentReports"/>
</testsuite> <!-- extentreportsUsingUtility.ExtentReports -->
