<?xml version="1.0" encoding="UTF-8"?>
<!-- Generated by org.testng.reporters.JUnitReportReporter -->
<testsuite skipped="0" hostname="NEWNODE64" name="extentReports.ExtentReport" tests="2" failures="0" timestamp="04 Jul 2018 11:32:10 GMT" time="0.010" errors="0">
  <testcase name="testLogout" time="0.006" classname="extentReports.ExtentReport"/>
  <testcase name="testLogin" time="0.004" classname="extentReports.ExtentReport"/>
</testsuite> <!-- extentReports.ExtentReport -->
